<?xml version="1.0" encoding="UTF-8"?>
<testsuite xmlns:xsi="http://www.w3.org/2001/XMLSchema-instance" xsi:noNamespaceSchemaLocation="https://maven.apache.org/surefire/maven-surefire-plugin/xsd/surefire-test-report.xsd" name="com.springGPT.springGPTDemo.AppTest" time="0.073" tests="1" errors="0" skipped="0" failures="0">
  <properties>
    <property name="sun.desktop" value="windows"/>
    <property name="awt.toolkit" value="sun.awt.windows.WToolkit"/>
    <property name="file.encoding.pkg" value="sun.io"/>
    <property name="java.specification.version" value="1.8"/>
    <property name="sun.cpu.isalist" value="amd64"/>
    <property name="sun.jnu.encoding" value="Cp1252"/>
    <property name="java.class.path" value="C:\Users\new\Desktop\JEE\springGPTDemo\target\test-classes;C:\Users\new\Desktop\JEE\springGPTDemo\target\classes;C:\Users\new\.m2\repository\junit\junit\4.11\junit-4.11.jar;C:\Users\new\.m2\repository\org\hamcrest\hamcrest-core\1.3\hamcrest-core-1.3.jar;C:\Users\new\.m2\repository\org\springframework\spring-core\5.2.16.RELEASE\spring-core-5.2.16.RELEASE.jar;C:\Users\new\.m2\repository\org\springframework\spring-jcl\5.2.16.RELEASE\spring-jcl-5.2.16.RELEASE.jar;C:\Users\new\.m2\repository\org\springframework\spring-context\5.2.16.RELEASE\spring-context-5.2.16.RELEASE.jar;C:\Users\new\.m2\repository\org\springframework\spring-aop\5.2.16.RELEASE\spring-aop-5.2.16.RELEASE.jar;C:\Users\new\.m2\repository\org\springframework\spring-beans\5.2.16.RELEASE\spring-beans-5.2.16.RELEASE.jar;C:\Users\new\.m2\repository\org\springframework\spring-expression\5.2.16.RELEASE\spring-expression-5.2.16.RELEASE.jar;C:\Users\new\.m2\repository\com\squareup\okhttp3\okhttp\4.9.1\okhttp-4.9.1.jar;C:\Users\new\.m2\repository\com\squareup\okio\okio\2.8.0\okio-2.8.0.jar;C:\Users\new\.m2\repository\org\jetbrains\kotlin\kotlin-stdlib-common\1.4.0\kotlin-stdlib-common-1.4.0.jar;C:\Users\new\.m2\repository\org\jetbrains\kotlin\kotlin-stdlib\1.4.10\kotlin-stdlib-1.4.10.jar;C:\Users\new\.m2\repository\org\jetbrains\annotations\13.0\annotations-13.0.jar;C:\Users\new\.m2\repository\com\google\code\gson\gson\2.8.8\gson-2.8.8.jar;C:\Users\new\.m2\repository\org\json\json\20201115\json-20201115.jar;C:\Users\new\.m2\repository\com\googlecode\json-simple\json-simple\1.1.1\json-simple-1.1.1.jar;C:\Users\new\.m2\repository\org\junit\jupiter\junit-jupiter-api\5.8.1\junit-jupiter-api-5.8.1.jar;C:\Users\new\.m2\repository\org\opentest4j\opentest4j\1.2.0\opentest4j-1.2.0.jar;C:\Users\new\.m2\repository\org\junit\platform\junit-platform-commons\1.8.1\junit-platform-commons-1.8.1.jar;C:\Users\new\.m2\repository\org\apiguardian\apiguardian-api\1.1.2\apiguardian-api-1.1.2.jar;"/>
    <property name="java.vm.vendor" value="Oracle Corporation"/>
    <property name="sun.arch.data.model" value="64"/>
    <property name="user.variant" value=""/>
    <property name="java.vendor.url" value="http://java.oracle.com/"/>
    <property name="user.timezone" value="Africa/Casablanca"/>
    <property name="java.vm.specification.version" value="1.8"/>
    <property name="os.name" value="Windows 10"/>
    <property name="user.country" value="US"/>
    <property name="sun.java.launcher" value="SUN_STANDARD"/>
    <property name="sun.boot.library.path" value="C:\Program Files\Java\jre1.8.0_361\bin"/>
    <property name="sun.java.command" value="C:\Users\new\AppData\Local\Temp\surefire1122871039455150120\surefirebooter1111898893376909489.jar C:\Users\new\AppData\Local\Temp\surefire1122871039455150120 2023-03-15T21-54-47_343-jvmRun1 surefire4792544438911243260tmp surefire_09123589183480232401tmp"/>
    <property name="surefire.test.class.path" value="C:\Users\new\Desktop\JEE\springGPTDemo\target\test-classes;C:\Users\new\Desktop\JEE\springGPTDemo\target\classes;C:\Users\new\.m2\repository\junit\junit\4.11\junit-4.11.jar;C:\Users\new\.m2\repository\org\hamcrest\hamcrest-core\1.3\hamcrest-core-1.3.jar;C:\Users\new\.m2\repository\org\springframework\spring-core\5.2.16.RELEASE\spring-core-5.2.16.RELEASE.jar;C:\Users\new\.m2\repository\org\springframework\spring-jcl\5.2.16.RELEASE\spring-jcl-5.2.16.RELEASE.jar;C:\Users\new\.m2\repository\org\springframework\spring-context\5.2.16.RELEASE\spring-context-5.2.16.RELEASE.jar;C:\Users\new\.m2\repository\org\springframework\spring-aop\5.2.16.RELEASE\spring-aop-5.2.16.RELEASE.jar;C:\Users\new\.m2\repository\org\springframework\spring-beans\5.2.16.RELEASE\spring-beans-5.2.16.RELEASE.jar;C:\Users\new\.m2\repository\org\springframework\spring-expression\5.2.16.RELEASE\spring-expression-5.2.16.RELEASE.jar;C:\Users\new\.m2\repository\com\squareup\okhttp3\okhttp\4.9.1\okhttp-4.9.1.jar;C:\Users\new\.m2\repository\com\squareup\okio\okio\2.8.0\okio-2.8.0.jar;C:\Users\new\.m2\repository\org\jetbrains\kotlin\kotlin-stdlib-common\1.4.0\kotlin-stdlib-common-1.4.0.jar;C:\Users\new\.m2\repository\org\jetbrains\kotlin\kotlin-stdlib\1.4.10\kotlin-stdlib-1.4.10.jar;C:\Users\new\.m2\repository\org\jetbrains\annotations\13.0\annotations-13.0.jar;C:\Users\new\.m2\repository\com\google\code\gson\gson\2.8.8\gson-2.8.8.jar;C:\Users\new\.m2\repository\org\json\json\20201115\json-20201115.jar;C:\Users\new\.m2\repository\com\googlecode\json-simple\json-simple\1.1.1\json-simple-1.1.1.jar;C:\Users\new\.m2\repository\org\junit\jupiter\junit-jupiter-api\5.8.1\junit-jupiter-api-5.8.1.jar;C:\Users\new\.m2\repository\org\opentest4j\opentest4j\1.2.0\opentest4j-1.2.0.jar;C:\Users\new\.m2\repository\org\junit\platform\junit-platform-commons\1.8.1\junit-platform-commons-1.8.1.jar;C:\Users\new\.m2\repository\org\apiguardian\apiguardian-api\1.1.2\apiguardian-api-1.1.2.jar;"/>
    <property name="sun.cpu.endian" value="little"/>
    <property name="user.home" value="C:\Users\new"/>
    <property name="user.language" value="en"/>
    <property name="java.specification.vendor" value="Oracle Corporation"/>
    <property name="java.home" value="C:\Program Files\Java\jre1.8.0_361"/>
    <property name="basedir" value="C:\Users\new\Desktop\JEE\springGPTDemo"/>
    <property name="file.separator" value="\"/>
    <property name="line.separator" value="&#10;"/>
    <property name="java.vm.specification.vendor" value="Oracle Corporation"/>
    <property name="java.specification.name" value="Java Platform API Specification"/>
    <property name="java.awt.graphicsenv" value="sun.awt.Win32GraphicsEnvironment"/>
    <property name="surefire.real.class.path" value="C:\Users\new\AppData\Local\Temp\surefire1122871039455150120\surefirebooter1111898893376909489.jar"/>
    <property name="sun.boot.class.path" value="C:\Program Files\Java\jre1.8.0_361\lib\resources.jar;C:\Program Files\Java\jre1.8.0_361\lib\rt.jar;C:\Program Files\Java\jre1.8.0_361\lib\jsse.jar;C:\Program Files\Java\jre1.8.0_361\lib\jce.jar;C:\Program Files\Java\jre1.8.0_361\lib\charsets.jar;C:\Program Files\Java\jre1.8.0_361\lib\jfr.jar;C:\Program Files\Java\jre1.8.0_361\classes"/>
    <property name="user.script" value=""/>
    <property name="sun.management.compiler" value="HotSpot 64-Bit Tiered Compilers"/>
    <property name="java.runtime.version" value="1.8.0_361-b09"/>
    <property name="user.name" value="new"/>
    <property name="path.separator" value=";"/>
    <property name="os.version" value="10.0"/>
    <property name="java.endorsed.dirs" value="C:\Program Files\Java\jre1.8.0_361\lib\endorsed"/>
    <property name="java.runtime.name" value="Java(TM) SE Runtime Environment"/>
    <property name="file.encoding" value="Cp1252"/>
    <property name="java.vm.name" value="Java HotSpot(TM) 64-Bit Server VM"/>
    <property name="localRepository" value="C:\Users\new\.m2\repository"/>
    <property name="java.vendor.url.bug" value="http://bugreport.sun.com/bugreport/"/>
    <property name="java.io.tmpdir" value="C:\Users\new\AppData\Local\Temp\"/>
    <property name="java.version" value="1.8.0_361"/>
    <property name="user.dir" value="C:\Users\new\Desktop\JEE\springGPTDemo"/>
    <property name="os.arch" value="amd64"/>
    <property name="java.vm.specification.name" value="Java Virtual Machine Specification"/>
    <property name="java.awt.printerjob" value="sun.awt.windows.WPrinterJob"/>
    <property name="sun.os.patch.level" value=""/>
    <property name="java.library.path" value="C:\Program Files\Java\jre1.8.0_361\bin;C:\WINDOWS\Sun\Java\bin;C:\WINDOWS\system32;C:\WINDOWS;C:\Program Files\php-7.4.33-nts-Win32-vc15-x64;C:\Users\new\AppData\Roaming\Composer\vendor\bin;C:\Program Files\MongoDB\Server\5.0\bin;C:\Users\new\Anaconda3\Scripts;C:\Users\new\Anaconda3\;C:\Program Files (x86)\Common Files\Oracle\Java\javapath;C:\Program Files\Common Files\Oracle\Java\javapath;C:\app\master\product\12.1.0\dbhome_1\bin;C:\oraclexe\app\oracle\product\11.2.0\server\bin;E:\app\oracle1\product\12.1.0\dbhome_1\bin;C:\app\root\product\12.1.0\dbhome_2\bin;C:\app\root\product\12.1.0\dbhome_1\bin;C:\python\python390\Scripts\;C:\python\python390\;C:\oraclexe\app\oracle\product\11.2.0\server\bin;C:\Program Files\AdoptOpenJDK\jdk-11.0.10.9-hotspot\bin;C:\Windows\System32;C:\Windows;C:\Windows\System32\wbem;C:\Program Files\dotnet\;C:\ProgramData\chocolatey\bin;C:\Program Files (x86)\nodejs;C:\xampp\php;C:\WINDOWS\system32;C:\WINDOWS;C:\WINDOWS\System32\Wbem;C:\WINDOWS\System32\WindowsPowerShell\v1.0\;C:\WINDOWS\System32\OpenSSH\;C:\Program Files\Git\cmd;C:\Program Files\nodejs\;C:\ProgramData\ComposerSetup\bin;C:\Program Files\Docker\Docker\resources\bin;C:\Users\new\Documents\EGDownloads\apache-maven-3.9.0-bin\apache-maven-3.9.0\bin;C:\Program Files\MySQL\MySQL Shell 8.0\bin\;C:\Users\new\anaconda3;C:\Users\new\anaconda3\Library\mingw-w64\bin;C:\Users\new\anaconda3\Library\usr\bin;C:\Users\new\anaconda3\Library\bin;C:\Users\new\anaconda3\Scripts;C:\Users\new\AppData\Local\Programs\Python\Python39\Scripts\;C:\Users\new\AppData\Local\Programs\Python\Python39\;C:\Users\new\AppData\Local\Microsoft\WindowsApps;C:\Users\new\AppData\Local\Programs\Python\Python38-32\Scripts\;C:\Users\new\AppData\Local\Programs\Python\Python38-32\;C:\Users\new\AppData\Local\Microsoft\WindowsApps;C:\Windows\Systeme32;C:\Users\new\.dotnet\tools;C:\Users\new\AppData\Local\Microsoft VS Code\bin;C:\Program Files\JetBrains\IntelliJ IDEA 2022.1.1\bin;C:\Program Files\JetBrains\IntelliJ IDEA Educational Edition 2022.1.1\bin;C:\Users\new\AppData\Roaming\npm;C:\Program Files\JetBrains\IntelliJ IDEA Community Edition 2022.3.2\bin;C:\Program Files\IBM\Cloud\bin;."/>
    <property name="java.vm.info" value="mixed mode"/>
    <property name="java.vendor" value="Oracle Corporation"/>
    <property name="java.vm.version" value="25.361-b09"/>
    <property name="java.specification.maintenance.version" value="4"/>
    <property name="java.ext.dirs" value="C:\Program Files\Java\jre1.8.0_361\lib\ext;C:\WINDOWS\Sun\Java\lib\ext"/>
    <property name="sun.io.unicode.encoding" value="UnicodeLittle"/>
    <property name="java.class.version" value="52.0"/>
  </properties>
  <testcase name="shouldAnswerWithTrue" classname="com.springGPT.springGPTDemo.AppTest" time="0.002"/>
</testsuite>